<?xml version="1.0" encoding="UTF-8"?>
<coverage generated="1615384523176" clover="3.2.0">
  <project timestamp="1615384523177" name="All files">
    <metrics statements="114" coveredstatements="51" conditionals="59" coveredconditionals="14" methods="18" coveredmethods="6" elements="191" coveredelements="71" complexity="0" loc="114" ncloc="114" packages="2" files="4" classes="4"/>
    <package name="helpers">
      <metrics statements="47" coveredstatements="19" conditionals="33" coveredconditionals="7" methods="7" coveredmethods="1"/>
      <file name="createVirtualNode.ts" path="C:\tmp\Dev\Projects\Development\FrontEnd\gclib-wc\src\core\helpers\createVirtualNode.ts">
        <metrics statements="11" coveredstatements="2" conditionals="6" coveredconditionals="0" methods="3" coveredmethods="0"/>
        <line num="1" count="1" type="stmt"/>
        <line num="3" count="1" type="stmt"/>
        <line num="5" count="0" type="cond" truecount="0" falsecount="2"/>
        <line num="7" count="0" type="stmt"/>
        <line num="10" count="0" type="cond" truecount="0" falsecount="2"/>
        <line num="12" count="0" type="stmt"/>
        <line num="15" count="0" type="stmt"/>
        <line num="18" count="0" type="cond" truecount="0" falsecount="2"/>
        <line num="20" count="0" type="stmt"/>
        <line num="22" count="0" type="stmt"/>
        <line num="27" count="0" type="stmt"/>
      </file>
      <file name="defaultPropertyValueConverter.ts" path="C:\tmp\Dev\Projects\Development\FrontEnd\gclib-wc\src\core\helpers\defaultPropertyValueConverter.ts">
        <metrics statements="21" coveredstatements="4" conditionals="17" coveredconditionals="0" methods="2" coveredmethods="0"/>
        <line num="1" count="1" type="stmt"/>
        <line num="2" count="1" type="stmt"/>
        <line num="4" count="1" type="stmt"/>
        <line num="8" count="0" type="stmt"/>
        <line num="12" count="0" type="cond" truecount="0" falsecount="2"/>
        <line num="16" count="0" type="cond" truecount="0" falsecount="2"/>
        <line num="20" count="0" type="stmt"/>
        <line num="22" count="0" type="stmt"/>
        <line num="26" count="0" type="stmt"/>
        <line num="31" count="0" type="stmt"/>
        <line num="35" count="0" type="stmt"/>
        <line num="37" count="0" type="stmt"/>
        <line num="44" count="0" type="stmt"/>
        <line num="49" count="0" type="stmt"/>
        <line num="51" count="0" type="stmt"/>
        <line num="55" count="0" type="stmt"/>
        <line num="60" count="0" type="stmt"/>
        <line num="64" count="0" type="cond" truecount="0" falsecount="2"/>
        <line num="69" count="0" type="cond" truecount="0" falsecount="2"/>
        <line num="72" count="0" type="stmt"/>
        <line num="76" count="1" type="stmt"/>
      </file>
      <file name="getComponentMetadata.ts" path="C:\tmp\Dev\Projects\Development\FrontEnd\gclib-wc\src\core\helpers\getComponentMetadata.ts">
        <metrics statements="15" coveredstatements="13" conditionals="10" coveredconditionals="7" methods="2" coveredmethods="1"/>
        <line num="3" count="1" type="stmt"/>
        <line num="5" count="2" type="stmt"/>
        <line num="13" count="2" type="cond" truecount="3" falsecount="1"/>
        <line num="16" count="2" type="stmt"/>
        <line num="18" count="2" type="stmt"/>
        <line num="24" count="4" type="stmt"/>
        <line num="26" count="4" type="cond" truecount="4" falsecount="0"/>
        <line num="29" count="4" type="stmt"/>
        <line num="31" count="0" type="cond" truecount="0" falsecount="2"/>
        <line num="33" count="0" type="stmt"/>
        <line num="38" count="4" type="stmt"/>
        <line num="44" count="4" type="stmt"/>
        <line num="49" count="4" type="stmt"/>
        <line num="52" count="2" type="stmt"/>
        <line num="54" count="2" type="stmt"/>
      </file>
    </package>
    <package name="mixins">
      <metrics statements="67" coveredstatements="32" conditionals="26" coveredconditionals="7" methods="11" coveredmethods="5"/>
      <file name="MetadataInitializerMixin.ts" path="C:\tmp\Dev\Projects\Development\FrontEnd\gclib-wc\src\core\mixins\MetadataInitializerMixin.ts">
        <metrics statements="67" coveredstatements="32" conditionals="26" coveredconditionals="7" methods="11" coveredmethods="5"/>
        <line num="1" count="1" type="stmt"/>
        <line num="2" count="1" type="stmt"/>
        <line num="5" count="1" type="stmt"/>
        <line num="7" count="1" type="stmt"/>
        <line num="11" count="3" type="stmt"/>
        <line num="13" count="3" type="stmt"/>
        <line num="20" count="3" type="stmt"/>
        <line num="25" count="3" type="stmt"/>
        <line num="28" count="3" type="stmt"/>
        <line num="30" count="3" type="stmt"/>
        <line num="32" count="18" type="cond" truecount="1" falsecount="1"/>
        <line num="34" count="18" type="stmt"/>
        <line num="39" count="3" type="stmt"/>
        <line num="41" count="3" type="stmt"/>
        <line num="43" count="0" type="cond" truecount="0" falsecount="2"/>
        <line num="45" count="0" type="stmt"/>
        <line num="59" count="18" type="stmt"/>
        <line num="61" count="18" type="cond" truecount="2" falsecount="0"/>
        <line num="63" count="3" type="stmt"/>
        <line num="66" count="18" type="cond" truecount="1" falsecount="1"/>
        <line num="68" count="0" type="stmt"/>
        <line num="70" count="0" type="stmt"/>
        <line num="72" count="0" type="cond" truecount="0" falsecount="2"/>
        <line num="74" count="0" type="stmt"/>
        <line num="77" count="0" type="stmt"/>
        <line num="79" count="0" type="stmt"/>
        <line num="81" count="0" type="cond" truecount="0" falsecount="2"/>
        <line num="83" count="0" type="stmt"/>
        <line num="87" count="0" type="stmt"/>
        <line num="91" count="0" type="stmt"/>
        <line num="93" count="0" type="stmt"/>
        <line num="101" count="0" type="stmt"/>
        <line num="103" count="0" type="cond" truecount="0" falsecount="2"/>
        <line num="105" count="0" type="stmt"/>
        <line num="108" count="0" type="stmt"/>
        <line num="110" count="0" type="stmt"/>
        <line num="112" count="0" type="cond" truecount="0" falsecount="2"/>
        <line num="114" count="0" type="stmt"/>
        <line num="117" count="0" type="stmt"/>
        <line num="119" count="0" type="stmt"/>
        <line num="121" count="0" type="stmt"/>
        <line num="124" count="0" type="stmt"/>
        <line num="126" count="0" type="stmt"/>
        <line num="131" count="0" type="stmt"/>
        <line num="136" count="2" type="stmt"/>
        <line num="138" count="2" type="stmt"/>
        <line num="141" count="2" type="stmt"/>
        <line num="145" count="2" type="stmt"/>
        <line num="147" count="2" type="stmt"/>
        <line num="149" count="12" type="cond" truecount="1" falsecount="1"/>
        <line num="151" count="12" type="stmt"/>
        <line num="153" count="12" type="stmt"/>
        <line num="155" count="12" type="cond" truecount="2" falsecount="0"/>
        <line num="157" count="6" type="stmt"/>
        <line num="160" count="12" type="stmt"/>
        <line num="162" count="12" type="stmt"/>
        <line num="166" count="2" type="stmt"/>
        <line num="171" count="0" type="cond" truecount="0" falsecount="2"/>
        <line num="173" count="0" type="stmt"/>
        <line num="180" count="0" type="stmt"/>
        <line num="182" count="0" type="stmt"/>
        <line num="184" count="0" type="stmt"/>
        <line num="187" count="0" type="stmt"/>
        <line num="189" count="0" type="stmt"/>
        <line num="194" count="0" type="cond" truecount="0" falsecount="4"/>
        <line num="197" count="0" type="stmt"/>
        <line num="202" count="1" type="stmt"/>
      </file>
    </package>
  </project>
</coverage>
