{"C:\\tmp\\Dev\\Projects\\Development\\FrontEnd\\gclib-wc\\src\\core\\helpers\\createVirtualNode.ts": {"path":"C:\\tmp\\Dev\\Projects\\Development\\FrontEnd\\gclib-wc\\src\\core\\helpers\\createVirtualNode.ts","statementMap":{"0":{"start":{"line":1,"column":0},"end":{"line":1,"column":79}},"1":{"start":{"line":5,"column":4},"end":{"line":8,"column":null}},"2":{"start":{"line":7,"column":8},"end":{"line":7,"column":87}},"3":{"start":{"line":10,"column":4},"end":{"line":28,"column":null}},"4":{"start":{"line":12,"column":8},"end":{"line":16,"column":10}},"5":{"start":{"line":15,"column":32},"end":{"line":15,"column":52}},"6":{"start":{"line":18,"column":9},"end":{"line":28,"column":null}},"7":{"start":{"line":20,"column":8},"end":{"line":23,"column":null}},"8":{"start":{"line":22,"column":32},"end":{"line":22,"column":52}},"9":{"start":{"line":27,"column":8},"end":{"line":27,"column":36}},"10":{"start":{"line":3,"column":0},"end":{"line":3,"column":24}}},"fnMap":{"0":{"name":"createElementNode","decl":{"start":{"line":3,"column":24},"end":{"line":3,"column":41}},"loc":{"start":{"line":3,"column":48},"end":{"line":29,"column":1}}},"1":{"name":"(anonymous_1)","decl":{"start":{"line":15,"column":27},"end":{"line":15,"column":28}},"loc":{"start":{"line":15,"column":32},"end":{"line":15,"column":52}}},"2":{"name":"(anonymous_2)","decl":{"start":{"line":22,"column":27},"end":{"line":22,"column":28}},"loc":{"start":{"line":22,"column":32},"end":{"line":22,"column":52}}}},"branchMap":{"0":{"loc":{"start":{"line":5,"column":4},"end":{"line":8,"column":null}},"type":"if","locations":[{"start":{"line":5,"column":4},"end":{"line":8,"column":null}},{"start":{"line":5,"column":4},"end":{"line":8,"column":null}}]},"1":{"loc":{"start":{"line":10,"column":4},"end":{"line":28,"column":null}},"type":"if","locations":[{"start":{"line":10,"column":4},"end":{"line":28,"column":null}},{"start":{"line":10,"column":4},"end":{"line":28,"column":null}}]},"2":{"loc":{"start":{"line":18,"column":9},"end":{"line":28,"column":null}},"type":"if","locations":[{"start":{"line":18,"column":9},"end":{"line":28,"column":null}},{"start":{"line":18,"column":9},"end":{"line":28,"column":null}}]}},"s":{"0":1,"1":1,"2":1,"3":0,"4":0,"5":0,"6":0,"7":0,"8":0,"9":0,"10":1},"f":{"0":1,"1":0,"2":0},"b":{"0":[1,0],"1":[0,0],"2":[0,0]}}
,"C:\\tmp\\Dev\\Projects\\Development\\FrontEnd\\gclib-wc\\src\\core\\helpers\\getGlobalFunction.ts": {"path":"C:\\tmp\\Dev\\Projects\\Development\\FrontEnd\\gclib-wc\\src\\core\\helpers\\getGlobalFunction.ts","statementMap":{"0":{"start":{"line":3,"column":25},"end":{"line":3,"column":55}},"1":{"start":{"line":5,"column":4},"end":{"line":5,"column":41}},"2":{"start":{"line":1,"column":0},"end":{"line":1,"column":24}}},"fnMap":{"0":{"name":"getGlobalFunction","decl":{"start":{"line":1,"column":24},"end":{"line":1,"column":41}},"loc":{"start":{"line":1,"column":55},"end":{"line":6,"column":1}}}},"branchMap":{},"s":{"0":10,"1":10,"2":1},"f":{"0":10},"b":{}}
,"C:\\tmp\\Dev\\Projects\\Development\\FrontEnd\\gclib-wc\\src\\core\\helpers\\oneOf.ts": {"path":"C:\\tmp\\Dev\\Projects\\Development\\FrontEnd\\gclib-wc\\src\\core\\helpers\\oneOf.ts","statementMap":{"0":{"start":{"line":1,"column":0},"end":{"line":1,"column":41}},"1":{"start":{"line":2,"column":0},"end":{"line":2,"column":51}},"2":{"start":{"line":3,"column":0},"end":{"line":3,"column":52}},"3":{"start":{"line":8,"column":15},"end":{"line":8,"column":32}},"4":{"start":{"line":14,"column":8},"end":{"line":22,"column":null}},"5":{"start":{"line":16,"column":22},"end":{"line":16,"column":46}},"6":{"start":{"line":18,"column":12},"end":{"line":21,"column":null}},"7":{"start":{"line":20,"column":16},"end":{"line":20,"column":27}},"8":{"start":{"line":24,"column":8},"end":{"line":27,"column":null}},"9":{"start":{"line":26,"column":12},"end":{"line":26,"column":44}},"10":{"start":{"line":29,"column":8},"end":{"line":60,"column":null}},"11":{"start":{"line":35,"column":12},"end":{"line":42,"column":null}},"12":{"start":{"line":37,"column":16},"end":{"line":37,"column":38}},"13":{"start":{"line":44,"column":12},"end":{"line":59,"column":null}},"14":{"start":{"line":46,"column":16},"end":{"line":50,"column":null}},"15":{"start":{"line":49,"column":20},"end":{"line":49,"column":104}},"16":{"start":{"line":52,"column":16},"end":{"line":56,"column":null}},"17":{"start":{"line":55,"column":20},"end":{"line":55,"column":99}},"18":{"start":{"line":58,"column":16},"end":{"line":58,"column":25}},"19":{"start":{"line":62,"column":8},"end":{"line":65,"column":null}},"20":{"start":{"line":64,"column":12},"end":{"line":64,"column":55}},"21":{"start":{"line":67,"column":8},"end":{"line":70,"column":null}},"22":{"start":{"line":69,"column":12},"end":{"line":69,"column":57}},"23":{"start":{"line":72,"column":8},"end":{"line":72,"column":21}},"24":{"start":{"line":5,"column":0},"end":{"line":5,"column":13}},"25":{"start":{"line":78,"column":4},"end":{"line":78,"column":28}},"26":{"start":{"line":76,"column":0},"end":{"line":76,"column":24}}},"fnMap":{"0":{"name":"(anonymous_0)","decl":{"start":{"line":7,"column":4},"end":{"line":7,"column":null}},"loc":{"start":{"line":8,"column":32},"end":{"line":9,"column":9}}},"1":{"name":"(anonymous_1)","decl":{"start":{"line":11,"column":4},"end":{"line":11,"column":14}},"loc":{"start":{"line":11,"column":25},"end":{"line":73,"column":5}}},"2":{"name":"oneOf","decl":{"start":{"line":76,"column":24},"end":{"line":76,"column":29}},"loc":{"start":{"line":76,"column":38},"end":{"line":79,"column":1}}}},"branchMap":{"0":{"loc":{"start":{"line":14,"column":8},"end":{"line":22,"column":null}},"type":"if","locations":[{"start":{"line":14,"column":8},"end":{"line":22,"column":null}},{"start":{"line":14,"column":8},"end":{"line":22,"column":null}}]},"1":{"loc":{"start":{"line":18,"column":12},"end":{"line":21,"column":null}},"type":"if","locations":[{"start":{"line":18,"column":12},"end":{"line":21,"column":null}},{"start":{"line":18,"column":12},"end":{"line":21,"column":null}}]},"2":{"loc":{"start":{"line":24,"column":8},"end":{"line":27,"column":null}},"type":"if","locations":[{"start":{"line":24,"column":8},"end":{"line":27,"column":null}},{"start":{"line":24,"column":8},"end":{"line":27,"column":null}}]},"3":{"loc":{"start":{"line":29,"column":8},"end":{"line":60,"column":null}},"type":"if","locations":[{"start":{"line":29,"column":8},"end":{"line":60,"column":null}},{"start":{"line":29,"column":8},"end":{"line":60,"column":null}}]},"4":{"loc":{"start":{"line":29,"column":12},"end":{"line":29,"column":39}},"type":"binary-expr","locations":[{"start":{"line":29,"column":12},"end":{"line":29,"column":39}},{"start":{"line":30,"column":12},"end":{"line":30,"column":38}}]},"5":{"loc":{"start":{"line":44,"column":12},"end":{"line":59,"column":null}},"type":"if","locations":[{"start":{"line":44,"column":12},"end":{"line":59,"column":null}},{"start":{"line":44,"column":12},"end":{"line":59,"column":null}}]},"6":{"loc":{"start":{"line":46,"column":16},"end":{"line":50,"column":null}},"type":"if","locations":[{"start":{"line":46,"column":16},"end":{"line":50,"column":null}},{"start":{"line":46,"column":16},"end":{"line":50,"column":null}}]},"7":{"loc":{"start":{"line":46,"column":20},"end":{"line":46,"column":37}},"type":"binary-expr","locations":[{"start":{"line":46,"column":20},"end":{"line":46,"column":37}},{"start":{"line":47,"column":20},"end":{"line":47,"column":48}}]},"8":{"loc":{"start":{"line":52,"column":16},"end":{"line":56,"column":null}},"type":"if","locations":[{"start":{"line":52,"column":16},"end":{"line":56,"column":null}},{"start":{"line":52,"column":16},"end":{"line":56,"column":null}}]},"9":{"loc":{"start":{"line":52,"column":20},"end":{"line":52,"column":36}},"type":"binary-expr","locations":[{"start":{"line":52,"column":20},"end":{"line":52,"column":36}},{"start":{"line":53,"column":20},"end":{"line":53,"column":47}}]},"10":{"loc":{"start":{"line":62,"column":8},"end":{"line":65,"column":null}},"type":"if","locations":[{"start":{"line":62,"column":8},"end":{"line":65,"column":null}},{"start":{"line":62,"column":8},"end":{"line":65,"column":null}}]},"11":{"loc":{"start":{"line":64,"column":19},"end":{"line":64,"column":33}},"type":"binary-expr","locations":[{"start":{"line":64,"column":19},"end":{"line":64,"column":33}},{"start":{"line":64,"column":37},"end":{"line":64,"column":54}}]},"12":{"loc":{"start":{"line":67,"column":8},"end":{"line":70,"column":null}},"type":"if","locations":[{"start":{"line":67,"column":8},"end":{"line":70,"column":null}},{"start":{"line":67,"column":8},"end":{"line":70,"column":null}}]},"13":{"loc":{"start":{"line":69,"column":36},"end":{"line":69,"column":40}},"type":"cond-expr","locations":[{"start":{"line":69,"column":36},"end":{"line":69,"column":40}},{"start":{"line":69,"column":43},"end":{"line":69,"column":56}}]}},"s":{"0":1,"1":1,"2":1,"3":10,"4":10,"5":10,"6":10,"7":1,"8":9,"9":1,"10":8,"11":5,"12":5,"13":5,"14":4,"15":1,"16":3,"17":1,"18":2,"19":4,"20":2,"21":2,"22":1,"23":1,"24":1,"25":10,"26":1},"f":{"0":10,"1":10,"2":10},"b":{"0":[10,0],"1":[1,9],"2":[1,8],"3":[5,3],"4":[8,6],"5":[4,1],"6":[1,3],"7":[4,2],"8":[1,2],"9":[3,2],"10":[2,2],"11":[2,2],"12":[1,1],"13":[0,1]}}
}
