{"C:\\tmp\\Dev\\Projects\\Development\\FrontEnd\\gclib-wc\\src\\core\\helpers\\defaultPropertyValueConverter.ts": {"path":"C:\\tmp\\Dev\\Projects\\Development\\FrontEnd\\gclib-wc\\src\\core\\helpers\\defaultPropertyValueConverter.ts","statementMap":{"0":{"start":{"line":1,"column":38},"end":{"line":30,"column":null}},"1":{"start":{"line":5,"column":8},"end":{"line":13,"column":null}},"2":{"start":{"line":7,"column":16},"end":{"line":7,"column":59}},"3":{"start":{"line":9,"column":16},"end":{"line":9,"column":61}},"4":{"start":{"line":12,"column":16},"end":{"line":12,"column":41}},"5":{"start":{"line":15,"column":8},"end":{"line":15,"column":21}},"6":{"start":{"line":20,"column":8},"end":{"line":26,"column":null}},"7":{"start":{"line":22,"column":16},"end":{"line":22,"column":41}},"8":{"start":{"line":25,"column":16},"end":{"line":25,"column":69}},"9":{"start":{"line":28,"column":8},"end":{"line":28,"column":21}},"10":{"start":{"line":32,"column":0},"end":{"line":32,"column":45}}},"fnMap":{"0":{"name":"(anonymous_0)","decl":{"start":{"line":3,"column":16},"end":{"line":3,"column":17}},"loc":{"start":{"line":3,"column":32},"end":{"line":16,"column":5}}},"1":{"name":"(anonymous_1)","decl":{"start":{"line":18,"column":17},"end":{"line":18,"column":18}},"loc":{"start":{"line":18,"column":33},"end":{"line":29,"column":5}}}},"branchMap":{"0":{"loc":{"start":{"line":6,"column":12},"end":{"line":7,"column":59}},"type":"switch","locations":[{"start":{"line":6,"column":12},"end":{"line":7,"column":59}},{"start":{"line":8,"column":12},"end":{"line":9,"column":61}},{"start":{"line":10,"column":12},"end":{"line":10,"column":24}},{"start":{"line":11,"column":12},"end":{"line":12,"column":41}}]},"1":{"loc":{"start":{"line":7,"column":23},"end":{"line":7,"column":37}},"type":"binary-expr","locations":[{"start":{"line":7,"column":23},"end":{"line":7,"column":37}},{"start":{"line":7,"column":41},"end":{"line":7,"column":58}}]},"2":{"loc":{"start":{"line":9,"column":40},"end":{"line":9,"column":44}},"type":"cond-expr","locations":[{"start":{"line":9,"column":40},"end":{"line":9,"column":44}},{"start":{"line":9,"column":47},"end":{"line":9,"column":60}}]},"3":{"loc":{"start":{"line":21,"column":12},"end":{"line":22,"column":41}},"type":"switch","locations":[{"start":{"line":21,"column":12},"end":{"line":22,"column":41}},{"start":{"line":23,"column":12},"end":{"line":23,"column":24}},{"start":{"line":24,"column":12},"end":{"line":25,"column":69}}]},"4":{"loc":{"start":{"line":22,"column":31},"end":{"line":22,"column":33}},"type":"cond-expr","locations":[{"start":{"line":22,"column":31},"end":{"line":22,"column":33}},{"start":{"line":22,"column":36},"end":{"line":22,"column":40}}]},"5":{"loc":{"start":{"line":25,"column":39},"end":{"line":25,"column":44}},"type":"cond-expr","locations":[{"start":{"line":25,"column":39},"end":{"line":25,"column":44}},{"start":{"line":25,"column":47},"end":{"line":25,"column":68}}]}},"s":{"0":1,"1":0,"2":0,"3":0,"4":0,"5":0,"6":0,"7":0,"8":0,"9":0,"10":1},"f":{"0":0,"1":0},"b":{"0":[0,0,0,0],"1":[0,0],"2":[0,0],"3":[0,0,0],"4":[0,0],"5":[0,0]}}
,"C:\\tmp\\Dev\\Projects\\Development\\FrontEnd\\gclib-wc\\src\\core\\helpers\\getComponentMetadata.ts": {"path":"C:\\tmp\\Dev\\Projects\\Development\\FrontEnd\\gclib-wc\\src\\core\\helpers\\getComponentMetadata.ts","statementMap":{"0":{"start":{"line":5,"column":41},"end":{"line":9,"column":6}},"1":{"start":{"line":11,"column":16},"end":{"line":11,"column":33}},"2":{"start":{"line":13,"column":4},"end":{"line":45,"column":null}},"3":{"start":{"line":19,"column":12},"end":{"line":19,"column":16}},"4":{"start":{"line":21,"column":21},"end":{"line":21,"column":54}},"5":{"start":{"line":24,"column":8},"end":{"line":30,"column":11}},"6":{"start":{"line":26,"column":12},"end":{"line":29,"column":null}},"7":{"start":{"line":28,"column":16},"end":{"line":28,"column":29}},"8":{"start":{"line":33,"column":8},"end":{"line":36,"column":10}},"9":{"start":{"line":39,"column":8},"end":{"line":42,"column":10}},"10":{"start":{"line":44,"column":8},"end":{"line":44,"column":65}},"11":{"start":{"line":47,"column":4},"end":{"line":47,"column":51}},"12":{"start":{"line":49,"column":4},"end":{"line":49,"column":20}},"13":{"start":{"line":3,"column":0},"end":{"line":3,"column":24}}},"fnMap":{"0":{"name":"getComponentMetadata","decl":{"start":{"line":3,"column":24},"end":{"line":3,"column":44}},"loc":{"start":{"line":3,"column":49},"end":{"line":50,"column":1}}},"1":{"name":"(anonymous_1)","decl":{"start":{"line":24,"column":21},"end":{"line":24,"column":24}},"loc":{"start":{"line":24,"column":27},"end":{"line":30,"column":9}}}},"branchMap":{"0":{"loc":{"start":{"line":21,"column":21},"end":{"line":21,"column":48}},"type":"binary-expr","locations":[{"start":{"line":21,"column":21},"end":{"line":21,"column":48}},{"start":{"line":21,"column":52},"end":{"line":21,"column":54}}]},"1":{"loc":{"start":{"line":21,"column":22},"end":{"line":21,"column":31}},"type":"binary-expr","locations":[{"start":{"line":21,"column":22},"end":{"line":21,"column":31}},{"start":{"line":21,"column":35},"end":{"line":21,"column":37}}]},"2":{"loc":{"start":{"line":26,"column":12},"end":{"line":29,"column":null}},"type":"if","locations":[{"start":{"line":26,"column":12},"end":{"line":29,"column":null}},{"start":{"line":26,"column":12},"end":{"line":29,"column":null}}]}},"s":{"0":2,"1":2,"2":2,"3":4,"4":4,"5":4,"6":0,"7":0,"8":4,"9":4,"10":4,"11":2,"12":2,"13":1},"f":{"0":2,"1":0},"b":{"0":[4,4],"1":[4,4],"2":[0,0]}}
,"C:\\tmp\\Dev\\Projects\\Development\\FrontEnd\\gclib-wc\\src\\core\\mixins\\MetadataInitializerMixin.ts": {"path":"C:\\tmp\\Dev\\Projects\\Development\\FrontEnd\\gclib-wc\\src\\core\\mixins\\MetadataInitializerMixin.ts","statementMap":{"0":{"start":{"line":1,"column":0},"end":{"line":1,"column":85}},"1":{"start":{"line":2,"column":0},"end":{"line":2,"column":67}},"2":{"start":{"line":5,"column":33},"end":{"line":182,"column":null}},"3":{"start":{"line":7,"column":4},"end":{"line":182,"column":null}},"4":{"start":{"line":11,"column":12},"end":{"line":11,"column":20}},"5":{"start":{"line":13,"column":12},"end":{"line":13,"column":30}},"6":{"start":{"line":20,"column":16},"end":{"line":20,"column":77}},"7":{"start":{"line":25,"column":16},"end":{"line":25,"column":33}},"8":{"start":{"line":28,"column":12},"end":{"line":28,"column":28}},"9":{"start":{"line":30,"column":12},"end":{"line":36,"column":null}},"10":{"start":{"line":32,"column":16},"end":{"line":35,"column":null}},"11":{"start":{"line":34,"column":20},"end":{"line":34,"column":68}},"12":{"start":{"line":39,"column":12},"end":{"line":39,"column":28}},"13":{"start":{"line":41,"column":12},"end":{"line":47,"column":null}},"14":{"start":{"line":43,"column":16},"end":{"line":46,"column":null}},"15":{"start":{"line":45,"column":20},"end":{"line":45,"column":60}},"16":{"start":{"line":58,"column":16},"end":{"line":58,"column":34}},"17":{"start":{"line":60,"column":12},"end":{"line":63,"column":null}},"18":{"start":{"line":62,"column":16},"end":{"line":62,"column":41}},"19":{"start":{"line":65,"column":12},"end":{"line":91,"column":null}},"20":{"start":{"line":67,"column":31},"end":{"line":86,"column":17}},"21":{"start":{"line":69,"column":37},"end":{"line":69,"column":53}},"22":{"start":{"line":71,"column":20},"end":{"line":74,"column":null}},"23":{"start":{"line":73,"column":24},"end":{"line":73,"column":31}},"24":{"start":{"line":76,"column":20},"end":{"line":79,"column":null}},"25":{"start":{"line":78,"column":24},"end":{"line":78,"column":107}},"26":{"start":{"line":88,"column":33},"end":{"line":88,"column":57}},"27":{"start":{"line":90,"column":16},"end":{"line":90,"column":53}},"28":{"start":{"line":98,"column":16},"end":{"line":98,"column":31}},"29":{"start":{"line":100,"column":12},"end":{"line":103,"column":null}},"30":{"start":{"line":102,"column":16},"end":{"line":102,"column":41}},"31":{"start":{"line":105,"column":27},"end":{"line":119,"column":13}},"32":{"start":{"line":107,"column":33},"end":{"line":107,"column":49}},"33":{"start":{"line":109,"column":16},"end":{"line":112,"column":null}},"34":{"start":{"line":111,"column":20},"end":{"line":111,"column":27}},"35":{"start":{"line":114,"column":16},"end":{"line":114,"column":149}},"36":{"start":{"line":116,"column":16},"end":{"line":116,"column":44}},"37":{"start":{"line":118,"column":16},"end":{"line":118,"column":37}},"38":{"start":{"line":121,"column":29},"end":{"line":121,"column":53}},"39":{"start":{"line":123,"column":12},"end":{"line":123,"column":49}},"40":{"start":{"line":128,"column":12},"end":{"line":128,"column":69}},"41":{"start":{"line":133,"column":12},"end":{"line":133,"column":64}},"42":{"start":{"line":135,"column":31},"end":{"line":135,"column":33}},"43":{"start":{"line":138,"column":12},"end":{"line":138,"column":44}},"44":{"start":{"line":142,"column":16},"end":{"line":142,"column":38}},"45":{"start":{"line":144,"column":12},"end":{"line":161,"column":null}},"46":{"start":{"line":146,"column":16},"end":{"line":160,"column":null}},"47":{"start":{"line":148,"column":37},"end":{"line":148,"column":53}},"48":{"start":{"line":150,"column":20},"end":{"line":150,"column":41}},"49":{"start":{"line":152,"column":20},"end":{"line":155,"column":null}},"50":{"start":{"line":154,"column":24},"end":{"line":154,"column":50}},"51":{"start":{"line":157,"column":20},"end":{"line":157,"column":56}},"52":{"start":{"line":159,"column":20},"end":{"line":159,"column":78}},"53":{"start":{"line":163,"column":12},"end":{"line":163,"column":30}},"54":{"start":{"line":168,"column":12},"end":{"line":171,"column":null}},"55":{"start":{"line":170,"column":16},"end":{"line":170,"column":23}},"56":{"start":{"line":173,"column":12},"end":{"line":173,"column":158}},"57":{"start":{"line":176,"column":36},"end":{"line":176,"column":135}},"58":{"start":{"line":178,"column":12},"end":{"line":178,"column":118}},"59":{"start":{"line":180,"column":12},"end":{"line":180,"column":33}},"60":{"start":{"line":184,"column":0},"end":{"line":184,"column":null}}},"fnMap":{"0":{"name":"(anonymous_0)","decl":{"start":{"line":5,"column":33},"end":{"line":5,"column":37}},"loc":{"start":{"line":7,"column":4},"end":{"line":182,"column":null}}},"1":{"name":"(anonymous_1)","decl":{"start":{"line":9,"column":8},"end":{"line":9,"column":null}},"loc":{"start":{"line":9,"column":8},"end":{"line":14,"column":9}}},"2":{"name":"(anonymous_2)","decl":{"start":{"line":16,"column":8},"end":{"line":16,"column":18}},"loc":{"start":{"line":16,"column":18},"end":{"line":48,"column":9}}},"3":{"name":"(anonymous_3)","decl":{"start":{"line":50,"column":8},"end":{"line":50,"column":26}},"loc":{"start":{"line":50,"column":77},"end":{"line":92,"column":9}}},"4":{"name":"(anonymous_4)","decl":{"start":{"line":67,"column":31},"end":{"line":67,"column":41}},"loc":{"start":{"line":67,"column":44},"end":{"line":86,"column":17}}},"5":{"name":"(anonymous_5)","decl":{"start":{"line":94,"column":8},"end":{"line":94,"column":23}},"loc":{"start":{"line":94,"column":45},"end":{"line":124,"column":9}}},"6":{"name":"(anonymous_6)","decl":{"start":{"line":105,"column":27},"end":{"line":105,"column":37}},"loc":{"start":{"line":105,"column":45},"end":{"line":119,"column":13}}},"7":{"name":"(anonymous_7)","decl":{"start":{"line":126,"column":8},"end":{"line":126,"column":21}},"loc":{"start":{"line":126,"column":26},"end":{"line":129,"column":9}}},"8":{"name":"(anonymous_8)","decl":{"start":{"line":131,"column":8},"end":{"line":131,"column":14}},"loc":{"start":{"line":131,"column":37},"end":{"line":164,"column":9}}},"9":{"name":"(anonymous_9)","decl":{"start":{"line":166,"column":8},"end":{"line":166,"column":32}},"loc":{"start":{"line":166,"column":66},"end":{"line":181,"column":9}}}},"branchMap":{"0":{"loc":{"start":{"line":32,"column":16},"end":{"line":35,"column":null}},"type":"if","locations":[{"start":{"line":32,"column":16},"end":{"line":35,"column":null}},{"start":{"line":32,"column":16},"end":{"line":35,"column":null}}]},"1":{"loc":{"start":{"line":43,"column":16},"end":{"line":46,"column":null}},"type":"if","locations":[{"start":{"line":43,"column":16},"end":{"line":46,"column":null}},{"start":{"line":43,"column":16},"end":{"line":46,"column":null}}]},"2":{"loc":{"start":{"line":60,"column":12},"end":{"line":63,"column":null}},"type":"if","locations":[{"start":{"line":60,"column":12},"end":{"line":63,"column":null}},{"start":{"line":60,"column":12},"end":{"line":63,"column":null}}]},"3":{"loc":{"start":{"line":65,"column":12},"end":{"line":91,"column":null}},"type":"if","locations":[{"start":{"line":65,"column":12},"end":{"line":91,"column":null}},{"start":{"line":65,"column":12},"end":{"line":91,"column":null}}]},"4":{"loc":{"start":{"line":71,"column":20},"end":{"line":74,"column":null}},"type":"if","locations":[{"start":{"line":71,"column":20},"end":{"line":74,"column":null}},{"start":{"line":71,"column":20},"end":{"line":74,"column":null}}]},"5":{"loc":{"start":{"line":76,"column":20},"end":{"line":79,"column":null}},"type":"if","locations":[{"start":{"line":76,"column":20},"end":{"line":79,"column":null}},{"start":{"line":76,"column":20},"end":{"line":79,"column":null}}]},"6":{"loc":{"start":{"line":100,"column":12},"end":{"line":103,"column":null}},"type":"if","locations":[{"start":{"line":100,"column":12},"end":{"line":103,"column":null}},{"start":{"line":100,"column":12},"end":{"line":103,"column":null}}]},"7":{"loc":{"start":{"line":109,"column":16},"end":{"line":112,"column":null}},"type":"if","locations":[{"start":{"line":109,"column":16},"end":{"line":112,"column":null}},{"start":{"line":109,"column":16},"end":{"line":112,"column":null}}]},"8":{"loc":{"start":{"line":146,"column":16},"end":{"line":160,"column":null}},"type":"if","locations":[{"start":{"line":146,"column":16},"end":{"line":160,"column":null}},{"start":{"line":146,"column":16},"end":{"line":160,"column":null}}]},"9":{"loc":{"start":{"line":152,"column":20},"end":{"line":155,"column":null}},"type":"if","locations":[{"start":{"line":152,"column":20},"end":{"line":155,"column":null}},{"start":{"line":152,"column":20},"end":{"line":155,"column":null}}]},"10":{"loc":{"start":{"line":168,"column":12},"end":{"line":171,"column":null}},"type":"if","locations":[{"start":{"line":168,"column":12},"end":{"line":171,"column":null}},{"start":{"line":168,"column":12},"end":{"line":171,"column":null}}]}},"s":{"0":1,"1":1,"2":1,"3":1,"4":1,"5":1,"6":1,"7":1,"8":1,"9":1,"10":5,"11":5,"12":1,"13":1,"14":0,"15":0,"16":5,"17":5,"18":1,"19":5,"20":0,"21":0,"22":0,"23":0,"24":0,"25":0,"26":0,"27":0,"28":0,"29":0,"30":0,"31":0,"32":0,"33":0,"34":0,"35":0,"36":0,"37":0,"38":0,"39":0,"40":0,"41":2,"42":2,"43":2,"44":2,"45":2,"46":10,"47":10,"48":10,"49":10,"50":5,"51":10,"52":10,"53":2,"54":0,"55":0,"56":0,"57":0,"58":0,"59":0,"60":1},"f":{"0":1,"1":1,"2":1,"3":5,"4":0,"5":0,"6":0,"7":0,"8":2,"9":0},"b":{"0":[5,0],"1":[0,0],"2":[1,4],"3":[0,5],"4":[0,0],"5":[0,0],"6":[0,0],"7":[0,0],"8":[10,0],"9":[5,5],"10":[0,0]}}
}
