TN:
SF:src\core\helpers\defaultPropertyValueConverter.ts
FN:3,(anonymous_0)
FN:18,(anonymous_1)
FNF:2
FNH:0
FNDA:0,(anonymous_0)
FNDA:0,(anonymous_1)
DA:1,1
DA:5,0
DA:7,0
DA:9,0
DA:12,0
DA:15,0
DA:20,0
DA:22,0
DA:25,0
DA:28,0
DA:32,1
LF:11
LH:2
BRDA:6,0,0,0
BRDA:6,0,1,0
BRDA:6,0,2,0
BRDA:6,0,3,0
BRDA:7,1,0,0
BRDA:7,1,1,0
BRDA:9,2,0,0
BRDA:9,2,1,0
BRDA:21,3,0,0
BRDA:21,3,1,0
BRDA:21,3,2,0
BRDA:22,4,0,0
BRDA:22,4,1,0
BRDA:25,5,0,0
BRDA:25,5,1,0
BRF:15
BRH:0
end_of_record
TN:
SF:src\core\helpers\getComponentMetadata.ts
FN:3,getComponentMetadata
FN:24,(anonymous_1)
FNF:2
FNH:1
FNDA:2,getComponentMetadata
FNDA:0,(anonymous_1)
DA:3,1
DA:5,2
DA:11,2
DA:13,2
DA:19,4
DA:21,4
DA:24,4
DA:26,0
DA:28,0
DA:33,4
DA:39,4
DA:44,4
DA:47,2
DA:49,2
LF:14
LH:12
BRDA:21,0,0,4
BRDA:21,0,1,4
BRDA:21,1,0,4
BRDA:21,1,1,4
BRDA:26,2,0,0
BRDA:26,2,1,0
BRF:6
BRH:4
end_of_record
TN:
SF:src\core\mixins\MetadataInitializerMixin.ts
FN:5,(anonymous_0)
FN:9,(anonymous_1)
FN:16,(anonymous_2)
FN:50,(anonymous_3)
FN:67,(anonymous_4)
FN:94,(anonymous_5)
FN:105,(anonymous_6)
FN:126,(anonymous_7)
FN:131,(anonymous_8)
FN:166,(anonymous_9)
FNF:10
FNH:5
FNDA:1,(anonymous_0)
FNDA:1,(anonymous_1)
FNDA:1,(anonymous_2)
FNDA:5,(anonymous_3)
FNDA:0,(anonymous_4)
FNDA:0,(anonymous_5)
FNDA:0,(anonymous_6)
FNDA:0,(anonymous_7)
FNDA:2,(anonymous_8)
FNDA:0,(anonymous_9)
DA:1,1
DA:2,1
DA:5,1
DA:7,1
DA:11,1
DA:13,1
DA:20,1
DA:25,1
DA:28,1
DA:30,1
DA:32,5
DA:34,5
DA:39,1
DA:41,1
DA:43,0
DA:45,0
DA:58,5
DA:60,5
DA:62,1
DA:65,5
DA:67,0
DA:69,0
DA:71,0
DA:73,0
DA:76,0
DA:78,0
DA:88,0
DA:90,0
DA:98,0
DA:100,0
DA:102,0
DA:105,0
DA:107,0
DA:109,0
DA:111,0
DA:114,0
DA:116,0
DA:118,0
DA:121,0
DA:123,0
DA:128,0
DA:133,2
DA:135,2
DA:138,2
DA:142,2
DA:144,2
DA:146,10
DA:148,10
DA:150,10
DA:152,10
DA:154,5
DA:157,10
DA:159,10
DA:163,2
DA:168,0
DA:170,0
DA:173,0
DA:176,0
DA:178,0
DA:180,0
DA:184,1
LF:61
LH:32
BRDA:32,0,0,5
BRDA:32,0,1,0
BRDA:43,1,0,0
BRDA:43,1,1,0
BRDA:60,2,0,1
BRDA:60,2,1,4
BRDA:65,3,0,0
BRDA:65,3,1,5
BRDA:71,4,0,0
BRDA:71,4,1,0
BRDA:76,5,0,0
BRDA:76,5,1,0
BRDA:100,6,0,0
BRDA:100,6,1,0
BRDA:109,7,0,0
BRDA:109,7,1,0
BRDA:146,8,0,10
BRDA:146,8,1,0
BRDA:152,9,0,5
BRDA:152,9,1,5
BRDA:168,10,0,0
BRDA:168,10,1,0
BRF:22
BRH:7
end_of_record
