TN:
SF:src\core\helpers\createVirtualNode.ts
FN:3,createVirtualNode
FN:15,(anonymous_1)
FN:22,(anonymous_2)
FNF:3
FNH:0
FNDA:0,createVirtualNode
FNDA:0,(anonymous_1)
FNDA:0,(anonymous_2)
DA:1,1
DA:3,1
DA:5,0
DA:7,0
DA:10,0
DA:12,0
DA:15,0
DA:18,0
DA:20,0
DA:22,0
DA:27,0
LF:11
LH:2
BRDA:5,0,0,0
BRDA:5,0,1,0
BRDA:10,1,0,0
BRDA:10,1,1,0
BRDA:18,2,0,0
BRDA:18,2,1,0
BRF:6
BRH:0
end_of_record
TN:
SF:src\core\helpers\defaultPropertyValueConverter.ts
FN:6,(anonymous_0)
FN:58,(anonymous_1)
FNF:2
FNH:0
FNDA:0,(anonymous_0)
FNDA:0,(anonymous_1)
DA:1,1
DA:2,1
DA:4,1
DA:8,0
DA:12,0
DA:16,0
DA:20,0
DA:22,0
DA:26,0
DA:31,0
DA:35,0
DA:37,0
DA:44,0
DA:49,0
DA:51,0
DA:55,0
DA:60,0
DA:64,0
DA:69,0
DA:72,0
DA:76,1
LF:21
LH:4
BRDA:10,0,0,0
BRDA:10,0,1,0
BRDA:10,0,2,0
BRDA:10,0,3,0
BRDA:10,0,4,0
BRDA:10,0,5,0
BRDA:12,1,0,0
BRDA:12,1,1,0
BRDA:16,2,0,0
BRDA:16,2,1,0
BRDA:62,3,0,0
BRDA:62,3,1,0
BRDA:62,3,2,0
BRDA:64,4,0,0
BRDA:64,4,1,0
BRDA:69,5,0,0
BRDA:69,5,1,0
BRF:17
BRH:0
end_of_record
TN:
SF:src\core\helpers\getComponentMetadata.ts
FN:3,getComponentMetadata
FN:29,(anonymous_1)
FNF:2
FNH:1
FNDA:2,getComponentMetadata
FNDA:0,(anonymous_1)
DA:3,1
DA:5,2
DA:13,2
DA:16,2
DA:18,2
DA:24,4
DA:26,4
DA:29,4
DA:31,0
DA:33,0
DA:38,4
DA:44,4
DA:49,4
DA:52,2
DA:54,2
LF:15
LH:13
BRDA:13,0,0,2
BRDA:13,0,1,0
BRDA:13,1,0,2
BRDA:13,1,1,2
BRDA:26,2,0,4
BRDA:26,2,1,4
BRDA:26,3,0,4
BRDA:26,3,1,4
BRDA:31,4,0,0
BRDA:31,4,1,0
BRF:10
BRH:7
end_of_record
TN:
SF:src\core\mixins\MetadataInitializerMixin.ts
FN:5,(anonymous_0)
FN:9,(anonymous_1)
FN:16,(anonymous_2)
FN:50,(anonymous_3)
FN:68,(anonymous_4)
FN:97,(anonymous_5)
FN:108,(anonymous_6)
FN:129,(anonymous_7)
FN:134,(anonymous_8)
FN:169,(anonymous_9)
FN:192,(anonymous_10)
FNF:11
FNH:5
FNDA:1,(anonymous_0)
FNDA:3,(anonymous_1)
FNDA:3,(anonymous_2)
FNDA:18,(anonymous_3)
FNDA:0,(anonymous_4)
FNDA:0,(anonymous_5)
FNDA:0,(anonymous_6)
FNDA:0,(anonymous_7)
FNDA:2,(anonymous_8)
FNDA:0,(anonymous_9)
FNDA:0,(anonymous_10)
DA:1,1
DA:2,1
DA:5,1
DA:7,1
DA:11,3
DA:13,3
DA:20,3
DA:25,3
DA:28,3
DA:30,3
DA:32,18
DA:34,18
DA:39,3
DA:41,3
DA:43,0
DA:45,0
DA:59,18
DA:61,18
DA:63,3
DA:66,18
DA:68,0
DA:70,0
DA:72,0
DA:74,0
DA:77,0
DA:79,0
DA:81,0
DA:83,0
DA:87,0
DA:91,0
DA:93,0
DA:101,0
DA:103,0
DA:105,0
DA:108,0
DA:110,0
DA:112,0
DA:114,0
DA:117,0
DA:119,0
DA:121,0
DA:124,0
DA:126,0
DA:131,0
DA:136,2
DA:138,2
DA:141,2
DA:145,2
DA:147,2
DA:149,12
DA:151,12
DA:153,12
DA:155,12
DA:157,6
DA:160,12
DA:162,12
DA:166,2
DA:171,0
DA:173,0
DA:180,0
DA:182,0
DA:184,0
DA:187,0
DA:189,0
DA:194,0
DA:197,0
DA:202,1
LF:67
LH:32
BRDA:32,0,0,18
BRDA:32,0,1,0
BRDA:43,1,0,0
BRDA:43,1,1,0
BRDA:61,2,0,3
BRDA:61,2,1,15
BRDA:66,3,0,0
BRDA:66,3,1,18
BRDA:72,4,0,0
BRDA:72,4,1,0
BRDA:81,5,0,0
BRDA:81,5,1,0
BRDA:103,6,0,0
BRDA:103,6,1,0
BRDA:112,7,0,0
BRDA:112,7,1,0
BRDA:149,8,0,12
BRDA:149,8,1,0
BRDA:155,9,0,6
BRDA:155,9,1,6
BRDA:171,10,0,0
BRDA:171,10,1,0
BRDA:194,11,0,0
BRDA:194,11,1,0
BRDA:194,12,0,0
BRDA:194,12,1,0
BRF:26
BRH:7
end_of_record
